
./out/led_blink.elf:     file format elf32-littletc32
./out/led_blink.elf
architecture: tc32, flags 0x00000112:
EXEC_P, HAS_SYMS, D_PAGED
start address 0x00000000

Program Header:
    LOAD off    0x00008000 vaddr 0x00000000 paddr 0x00000000 align 2**15
         filesz 0x00000b5c memsz 0x00000b5c flags r-x
    LOAD off    0x00008c00 vaddr 0x00840c00 paddr 0x00840c00 align 2**15
         filesz 0x00000000 memsz 0x00000180 flags rw-
private flags = 0:

Sections:
Idx Name          Size      VMA       LMA       File off  Algn
  0 .text         0000085c  00000300  00000300  00008300  2**2
                  CONTENTS, ALLOC, LOAD, READONLY, CODE
  1 .vectors      00000150  00000000  00000000  00008000  2**4
                  CONTENTS, ALLOC, LOAD, READONLY, CODE
  2 .ram_code     0000014c  00000150  00000150  00008150  2**2
                  CONTENTS, ALLOC, LOAD, READONLY, CODE
  3 .bss          00000180  00840c00  00840c00  00008c00  2**4
                  ALLOC
  4 .comment      00000052  00000000  00000000  00008b5c  2**0
                  CONTENTS, READONLY
  5 .TC32.attributes 00000010  00000000  00000000  00008bae  2**0
                  CONTENTS, READONLY
SYMBOL TABLE:
00000300 l    d  .text	00000000 .text
00000000 l    d  .vectors	00000000 .vectors
00000150 l    d  .ram_code	00000000 .ram_code
00840c00 l    d  .bss	00000000 .bss
00000000 l    d  .comment	00000000 .comment
00000000 l    d  .TC32.attributes	00000000 .TC32.attributes
00000000 l    df *ABS*	00000000 gpio_8258.c
000003bc l     F .text	00000764 gpio_set_mux
00000180 l       *ABS*	00000000 IRQ_STK_SIZE
0000004c l       .vectors	00000000 __suspend_data
00000050 l       .vectors	00000000 SET_BOOT
00000062 l       .vectors	00000000 SET_BOOT_END
00000118 l       .vectors	00000000 BOOT_SEL_D
00000062 l       .vectors	00000000 FLASH_WAKEUP_BEGIN
00000114 l       .vectors	00000000 FLASH_RECOVER
00000070 l       .vectors	00000000 TNOP
0000007a l       .vectors	00000000 FLASH_WAKEUP_END
00000108 l       .vectors	00000000 FLL_D
00000080 l       .vectors	00000000 FLL_STK
0000008a l       .vectors	00000000 FLL_STK_END
000000dc l       .vectors	00000000 DAT0
000000a0 l       .vectors	00000000 ZERO
000000aa l       .vectors	00000000 ZERO_END
000000ae l       .vectors	00000000 ZERO_TAG
000000b8 l       .vectors	00000000 ZERO_TAG_END
000000b8 l       .vectors	00000000 SETIC
000000fc l       .vectors	00000000 DATA_I
000000c8 l       .vectors	00000000 COPY_DATA
000000d6 l       .vectors	00000000 COPY_DATA_END
00840c00 l     O .bss	00000180 irq_stk
00000000 l    df *ABS*	00000000 analog.c
00000000 l    df *ABS*	00000000 main.c
00000000 l    df *ABS*	00000000 putchar.c
00000000 l    df *ABS*	00000000 rf_drv.c
00840d80 g       *ABS*	00000000 _end_bss_
00000b5c g       *ABS*	00000000 _bin_size_
00000050 g       .vectors	00000000 __reset
00000003 g       *ABS*	00000000 _ictag_addr_div_256_
0000029c g       *ABS*	00000000 _rstored_
00000b5c g       *ABS*	00000000 _code_size_
00000000         *UND*	00000000 puts
00840c00 g       .ram_code	00000000 _end_data_
0084029c g       *ABS*	00000000 _retention_data_end_
00840c00 g       .bss	00000000 _start_bss_
00000000 g       .vectors	00000000 __start
00840c00 g       .ram_code	00000000 _start_data_
00010000 g       *ABS*	00000000 __RAM_SIZE_MAX
00000020 g     F .vectors	00000000 start_suspend
00000b5c g       *ABS*	00000000 _start_rodata_
000001d4 g     F .ram_code	000000c8 main
00000190 g     F .ram_code	00000040 analog_write
00000b5c g       *ABS*	00000000 _end_rodata_
0084029c g       *ABS*	00000000 _retention_data_start_
00000150 g     F .ram_code	00000040 analog_read
000001d0 g     F .ram_code	00000002 irq_handler
00008000 g       *ABS*	00000000 __RAM_RETENTION_SIZE
00000300 g       *ABS*	00000000 _start_text_
00000b5c g       *ABS*	00000000 _end_text_
00840300 g       *ABS*	00000000 _ictag_start_
00000148 g       .vectors	00000000 ASMEND
00840400 g       *ABS*	00000000 _ictag_end_
00000300 g     F .text	000000bc gpio_set_input_en
0000002a g       *ABS*	00000000 _icload_size_div_16_
00000120 g       .vectors	00000000 __irq
00000b5c g       *ABS*	00000000 _dstored_
00000b20 g     F .text	0000003c gpio_set_func
00840000 g       *ABS*	00000000 __RAM_START_ADDR



Disassembly of section .text:

00000300 <gpio_set_input_en>:
gpio_set_input_en():
 300:	6530      	tpush	{r4, r5, lr}
 302:	f400      	tshftls	r0, r0, #16
 304:	fc00      	tshftrs	r0, r0, #16
 306:	f604      	tshftls	r4, r0, #24
 308:	fe24      	tshftrs	r4, r4, #24
 30a:	a3f0      	tmovs	r3, #240	; 0xf0
 30c:	f11b      	tshftls	r3, r3, #4
 30e:	0003      	tands	r3, r0
 310:	0d28      	tloadr	r5, [pc, #160]	; (3b4 <_start_text_+0xb4>)
 312:	e95a      	tadds	r2, r3, r5
 314:	aa00      	tcmp	r2, #0
 316:	c001      	tjeq	31c <gpio_set_input_en+0x1c>
 318:	ab00      	tcmp	r3, #0
 31a:	c109      	tjne	330 <gpio_set_input_en+0x30>
 31c:	a900      	tcmp	r1, #0
 31e:	c120      	tjne	362 <gpio_set_input_en+0x62>
 320:	fa00      	tshftrs	r0, r0, #8
 322:	f0c0      	tshftls	r0, r0, #3
 324:	0d24      	tloadr	r5, [pc, #144]	; (3b8 <_start_text_+0xb8>)
 326:	e940      	tadds	r0, r0, r5
 328:	4803      	tloadrb	r3, [r0, #0]
 32a:	03a3      	tbclrs	r3, r4
 32c:	4003      	tstorerb	r3, [r0, #0]
 32e:	6d30      	tpop	{r4, r5, pc}
 330:	a280      	tmovs	r2, #128	; 0x80
 332:	f0d2      	tshftls	r2, r2, #3
 334:	0293      	tcmp	r3, r2
 336:	c0f1      	tjeq	31c <gpio_set_input_en+0x1c>
 338:	a280      	tmovs	r2, #128	; 0x80
 33a:	f052      	tshftls	r2, r2, #1
 33c:	0293      	tcmp	r3, r2
 33e:	c018      	tjeq	372 <gpio_set_input_en+0x72>
 340:	a280      	tmovs	r2, #128	; 0x80
 342:	f092      	tshftls	r2, r2, #2
 344:	0293      	tcmp	r3, r2
 346:	c1f2      	tjne	32e <gpio_set_input_en+0x2e>
 348:	a900      	tcmp	r1, #0
 34a:	c129      	tjne	3a0 <gpio_set_input_en+0xa0>
 34c:	a0c0      	tmovs	r0, #192	; 0xc0
 34e:	97ff 9eff 	tjl	150 <analog_read>
 352:	ec01      	tadds	r1, r0, #0
 354:	03a1      	tbclrs	r1, r4
 356:	f609      	tshftls	r1, r1, #24
 358:	fe09      	tshftrs	r1, r1, #24
 35a:	a0c0      	tmovs	r0, #192	; 0xc0
 35c:	97ff 9f18 	tjl	190 <analog_write>
 360:	87e5      	tj	32e <gpio_set_input_en+0x2e>
 362:	fa00      	tshftrs	r0, r0, #8
 364:	f0c0      	tshftls	r0, r0, #3
 366:	0b14      	tloadr	r3, [pc, #80]	; (3b8 <_start_text_+0xb8>)
 368:	e8c0      	tadds	r0, r0, r3
 36a:	4803      	tloadrb	r3, [r0, #0]
 36c:	031c      	tors	r4, r3
 36e:	4004      	tstorerb	r4, [r0, #0]
 370:	87dd      	tj	32e <gpio_set_input_en+0x2e>
 372:	a900      	tcmp	r1, #0
 374:	c009      	tjeq	38a <gpio_set_input_en+0x8a>
 376:	a0bd      	tmovs	r0, #189	; 0xbd
 378:	97ff 9eea 	tjl	150 <analog_read>
 37c:	0304      	tors	r4, r0
 37e:	f621      	tshftls	r1, r4, #24
 380:	fe09      	tshftrs	r1, r1, #24
 382:	a0bd      	tmovs	r0, #189	; 0xbd
 384:	97ff 9f04 	tjl	190 <analog_write>
 388:	87d1      	tj	32e <gpio_set_input_en+0x2e>
 38a:	a0bd      	tmovs	r0, #189	; 0xbd
 38c:	97ff 9ee0 	tjl	150 <analog_read>
 390:	ec01      	tadds	r1, r0, #0
 392:	03a1      	tbclrs	r1, r4
 394:	f609      	tshftls	r1, r1, #24
 396:	fe09      	tshftrs	r1, r1, #24
 398:	a0bd      	tmovs	r0, #189	; 0xbd
 39a:	97ff 9ef9 	tjl	190 <analog_write>
 39e:	87c6      	tj	32e <gpio_set_input_en+0x2e>
 3a0:	a0c0      	tmovs	r0, #192	; 0xc0
 3a2:	97ff 9ed5 	tjl	150 <analog_read>
 3a6:	0304      	tors	r4, r0
 3a8:	f621      	tshftls	r1, r4, #24
 3aa:	fe09      	tshftrs	r1, r1, #24
 3ac:	a0c0      	tmovs	r0, #192	; 0xc0
 3ae:	97ff 9eef 	tjl	190 <analog_write>
 3b2:	87bc      	tj	32e <gpio_set_input_en+0x2e>
 3b4:	fffffd00 	.word	0xfffffd00
 3b8:	00800581 	.word	0x00800581

000003bc <gpio_set_mux>:
gpio_set_mux():
 3bc:	6530      	tpush	{r4, r5, lr}
 3be:	ec04      	tadds	r4, r0, #0
 3c0:	a3c0      	tmovs	r3, #192	; 0xc0
 3c2:	f05b      	tshftls	r3, r3, #1
 3c4:	0298      	tcmp	r0, r3
 3c6:	c100      	tjne	3ca <gpio_set_mux+0xe>
 3c8:	81f3      	tj	7b2 <gpio_set_mux+0x3f6>
 3ca:	0298      	tcmp	r0, r3
 3cc:	c929      	tjls	422 <gpio_set_mux+0x66>
 3ce:	a3a0      	tmovs	r3, #160	; 0xa0
 3d0:	f09b      	tshftls	r3, r3, #2
 3d2:	0298      	tcmp	r0, r3
 3d4:	c100      	tjne	3d8 <gpio_set_mux+0x1c>
 3d6:	81b0      	tj	73a <gpio_set_mux+0x37e>
 3d8:	0298      	tcmp	r0, r3
 3da:	c94a      	tjls	472 <gpio_set_mux+0xb6>
 3dc:	a3c2      	tmovs	r3, #194	; 0xc2
 3de:	f09b      	tshftls	r3, r3, #2
 3e0:	0298      	tcmp	r0, r3
 3e2:	c100      	tjne	3e6 <gpio_set_mux+0x2a>
 3e4:	8118      	tj	618 <gpio_set_mux+0x25c>
 3e6:	0298      	tcmp	r0, r3
 3e8:	c800      	tjhi	3ec <gpio_set_mux+0x30>
 3ea:	80b7      	tj	55c <gpio_set_mux+0x1a0>
 3ec:	a3c8      	tmovs	r3, #200	; 0xc8
 3ee:	f09b      	tshftls	r3, r3, #2
 3f0:	0298      	tcmp	r0, r3
 3f2:	c100      	tjne	3f6 <gpio_set_mux+0x3a>
 3f4:	80df      	tj	5b6 <gpio_set_mux+0x1fa>
 3f6:	0298      	tcmp	r0, r3
 3f8:	c900      	tjls	3fc <gpio_set_mux+0x40>
 3fa:	81fb      	tj	7f4 <gpio_set_mux+0x438>
 3fc:	a3c4      	tmovs	r3, #196	; 0xc4
 3fe:	f09b      	tshftls	r3, r3, #2
 400:	0298      	tcmp	r0, r3
 402:	c000      	tjeq	406 <gpio_set_mux+0x4a>
 404:	8084      	tj	510 <gpio_set_mux+0x154>
 406:	a902      	tcmp	r1, #2
 408:	c100      	tjne	40c <gpio_set_mux+0x50>
 40a:	8240      	tj	88e <gpio_set_mux+0x4d2>
 40c:	a906      	tcmp	r1, #6
 40e:	c100      	tjne	412 <gpio_set_mux+0x56>
 410:	832f      	tj	a72 <gpio_set_mux+0x6b6>
 412:	a91c      	tcmp	r1, #28
 414:	c100      	tjne	418 <gpio_set_mux+0x5c>
 416:	82f9      	tj	a0c <gpio_set_mux+0x650>
 418:	a5c4      	tmovs	r5, #196	; 0xc4
 41a:	f0ad      	tshftls	r5, r5, #2
 41c:	a3fc      	tmovs	r3, #252	; 0xfc
 41e:	a100      	tmovs	r1, #0
 420:	8079      	tj	516 <gpio_set_mux+0x15a>
 422:	a880      	tcmp	r0, #128	; 0x80
 424:	c100      	tjne	428 <gpio_set_mux+0x6c>
 426:	817e      	tj	726 <gpio_set_mux+0x36a>
 428:	a880      	tcmp	r0, #128	; 0x80
 42a:	c946      	tjls	4ba <gpio_set_mux+0xfe>
 42c:	a384      	tmovs	r3, #132	; 0x84
 42e:	f05b      	tshftls	r3, r3, #1
 430:	0298      	tcmp	r0, r3
 432:	c100      	tjne	436 <gpio_set_mux+0x7a>
 434:	811b      	tj	66e <gpio_set_mux+0x2b2>
 436:	0298      	tcmp	r0, r3
 438:	c95c      	tjls	4f4 <gpio_set_mux+0x138>
 43a:	a390      	tmovs	r3, #144	; 0x90
 43c:	f05b      	tshftls	r3, r3, #1
 43e:	0298      	tcmp	r0, r3
 440:	c100      	tjne	444 <gpio_set_mux+0x88>
 442:	8147      	tj	6d4 <gpio_set_mux+0x318>
 444:	a3a0      	tmovs	r3, #160	; 0xa0
 446:	f05b      	tshftls	r3, r3, #1
 448:	0298      	tcmp	r0, r3
 44a:	c100      	tjne	44e <gpio_set_mux+0x92>
 44c:	80f1      	tj	632 <gpio_set_mux+0x276>
 44e:	a388      	tmovs	r3, #136	; 0x88
 450:	f05b      	tshftls	r3, r3, #1
 452:	0298      	tcmp	r0, r3
 454:	c15c      	tjne	510 <gpio_set_mux+0x154>
 456:	a909      	tcmp	r1, #9
 458:	c100      	tjne	45c <gpio_set_mux+0xa0>
 45a:	8245      	tj	8e8 <gpio_set_mux+0x52c>
 45c:	a918      	tcmp	r1, #24
 45e:	c100      	tjne	462 <gpio_set_mux+0xa6>
 460:	8329      	tj	ab6 <gpio_set_mux+0x6fa>
 462:	a90c      	tcmp	r1, #12
 464:	c100      	tjne	468 <gpio_set_mux+0xac>
 466:	82e4      	tj	a32 <gpio_set_mux+0x676>
 468:	a588      	tmovs	r5, #136	; 0x88
 46a:	f06d      	tshftls	r5, r5, #1
 46c:	a3fc      	tmovs	r3, #252	; 0xfc
 46e:	a100      	tmovs	r1, #0
 470:	8051      	tj	516 <gpio_set_mux+0x15a>
 472:	a382      	tmovs	r3, #130	; 0x82
 474:	f09b      	tshftls	r3, r3, #2
 476:	0298      	tcmp	r0, r3
 478:	c100      	tjne	47c <gpio_set_mux+0xc0>
 47a:	8147      	tj	70c <gpio_set_mux+0x350>
 47c:	0298      	tcmp	r0, r3
 47e:	c800      	tjhi	482 <gpio_set_mux+0xc6>
 480:	8082      	tj	588 <gpio_set_mux+0x1cc>
 482:	a388      	tmovs	r3, #136	; 0x88
 484:	f09b      	tshftls	r3, r3, #2
 486:	0298      	tcmp	r0, r3
 488:	c100      	tjne	48c <gpio_set_mux+0xd0>
 48a:	816a      	tj	762 <gpio_set_mux+0x3a6>
 48c:	a390      	tmovs	r3, #144	; 0x90
 48e:	f09b      	tshftls	r3, r3, #2
 490:	0298      	tcmp	r0, r3
 492:	c100      	tjne	496 <gpio_set_mux+0xda>
 494:	815b      	tj	74e <gpio_set_mux+0x392>
 496:	a384      	tmovs	r3, #132	; 0x84
 498:	f09b      	tshftls	r3, r3, #2
 49a:	0298      	tcmp	r0, r3
 49c:	c138      	tjne	510 <gpio_set_mux+0x154>
 49e:	a916      	tcmp	r1, #22
 4a0:	c100      	tjne	4a4 <gpio_set_mux+0xe8>
 4a2:	8243      	tj	92c <gpio_set_mux+0x570>
 4a4:	a903      	tcmp	r1, #3
 4a6:	c100      	tjne	4aa <gpio_set_mux+0xee>
 4a8:	82d6      	tj	a58 <gpio_set_mux+0x69c>
 4aa:	a91a      	tcmp	r1, #26
 4ac:	c100      	tjne	4b0 <gpio_set_mux+0xf4>
 4ae:	82c5      	tj	a3c <gpio_set_mux+0x680>
 4b0:	a584      	tmovs	r5, #132	; 0x84
 4b2:	f0ad      	tshftls	r5, r5, #2
 4b4:	a3fc      	tmovs	r3, #252	; 0xfc
 4b6:	a100      	tmovs	r1, #0
 4b8:	802d      	tj	516 <gpio_set_mux+0x15a>
 4ba:	a808      	tcmp	r0, #8
 4bc:	c100      	tjne	4c0 <gpio_set_mux+0x104>
 4be:	80f9      	tj	6b4 <gpio_set_mux+0x2f8>
 4c0:	a808      	tcmp	r0, #8
 4c2:	c936      	tjls	532 <gpio_set_mux+0x176>
 4c4:	a820      	tcmp	r0, #32
 4c6:	c100      	tjne	4ca <gpio_set_mux+0x10e>
 4c8:	8083      	tj	5d2 <gpio_set_mux+0x216>
 4ca:	a840      	tcmp	r0, #64	; 0x40
 4cc:	c100      	tjne	4d0 <gpio_set_mux+0x114>
 4ce:	8080      	tj	5d2 <gpio_set_mux+0x216>
 4d0:	a810      	tcmp	r0, #16
 4d2:	c11d      	tjne	510 <gpio_set_mux+0x154>
 4d4:	ef0b      	tsubs	r3, r1, #4
 4d6:	f61b      	tshftls	r3, r3, #24
 4d8:	fe1b      	tshftrs	r3, r3, #24
 4da:	ab01      	tcmp	r3, #1
 4dc:	c800      	tjhi	4e0 <gpio_set_mux+0x124>
 4de:	824b      	tj	978 <gpio_set_mux+0x5bc>
 4e0:	a903      	tcmp	r1, #3
 4e2:	c100      	tjne	4e6 <gpio_set_mux+0x12a>
 4e4:	82af      	tj	a46 <gpio_set_mux+0x68a>
 4e6:	a916      	tcmp	r1, #22
 4e8:	c100      	tjne	4ec <gpio_set_mux+0x130>
 4ea:	8252      	tj	992 <gpio_set_mux+0x5d6>
 4ec:	a510      	tmovs	r5, #16
 4ee:	a3fc      	tmovs	r3, #252	; 0xfc
 4f0:	a100      	tmovs	r1, #0
 4f2:	8010      	tj	516 <gpio_set_mux+0x15a>
 4f4:	a381      	tmovs	r3, #129	; 0x81
 4f6:	f05b      	tshftls	r3, r3, #1
 4f8:	0298      	tcmp	r0, r3
 4fa:	c100      	tjne	4fe <gpio_set_mux+0x142>
 4fc:	80cc      	tj	698 <gpio_set_mux+0x2dc>
 4fe:	a382      	tmovs	r3, #130	; 0x82
 500:	f05b      	tshftls	r3, r3, #1
 502:	0298      	tcmp	r0, r3
 504:	c100      	tjne	508 <gpio_set_mux+0x14c>
 506:	80bc      	tj	682 <gpio_set_mux+0x2c6>
 508:	0bb4      	tloadr	r3, [pc, #720]	; (7dc <gpio_set_mux+0x420>)
 50a:	0298      	tcmp	r0, r3
 50c:	c100      	tjne	510 <gpio_set_mux+0x154>
 50e:	8136      	tj	77e <gpio_set_mux+0x3c2>
 510:	ec25      	tadds	r5, r4, #0
 512:	a3ff      	tmovs	r3, #255	; 0xff
 514:	a100      	tmovs	r1, #0
 516:	fa24      	tshftrs	r4, r4, #8
 518:	f062      	tshftls	r2, r4, #1
 51a:	a4f0      	tmovs	r4, #240	; 0xf0
 51c:	0025      	tands	r5, r4
 51e:	ee6c      	tsubs	r4, r5, #1
 520:	01a5      	tsubcs	r5, r4
 522:	e954      	tadds	r4, r2, r5
 524:	0aae      	tloadr	r2, [pc, #696]	; (7e0 <gpio_set_mux+0x424>)
 526:	e8a4      	tadds	r4, r4, r2
 528:	4822      	tloadrb	r2, [r4, #0]
 52a:	0013      	tands	r3, r2
 52c:	030b      	tors	r3, r1
 52e:	4023      	tstorerb	r3, [r4, #0]
 530:	6d30      	tpop	{r4, r5, pc}
 532:	a802      	tcmp	r0, #2
 534:	c100      	tjne	538 <gpio_set_mux+0x17c>
 536:	812f      	tj	798 <gpio_set_mux+0x3dc>
 538:	a804      	tcmp	r0, #4
 53a:	c100      	tjne	53e <gpio_set_mux+0x182>
 53c:	808a      	tj	654 <gpio_set_mux+0x298>
 53e:	a801      	tcmp	r0, #1
 540:	c1e6      	tjne	510 <gpio_set_mux+0x154>
 542:	a908      	tcmp	r1, #8
 544:	c100      	tjne	548 <gpio_set_mux+0x18c>
 546:	81b3      	tj	8b0 <gpio_set_mux+0x4f4>
 548:	a91a      	tcmp	r1, #26
 54a:	c100      	tjne	54e <gpio_set_mux+0x192>
 54c:	8289      	tj	a62 <gpio_set_mux+0x6a6>
 54e:	a903      	tcmp	r1, #3
 550:	c100      	tjne	554 <gpio_set_mux+0x198>
 552:	822b      	tj	9ac <gpio_set_mux+0x5f0>
 554:	a501      	tmovs	r5, #1
 556:	a3fc      	tmovs	r3, #252	; 0xfc
 558:	a100      	tmovs	r1, #0
 55a:	87dc      	tj	516 <gpio_set_mux+0x15a>
 55c:	0ba1      	tloadr	r3, [pc, #644]	; (7e4 <gpio_set_mux+0x428>)
 55e:	0298      	tcmp	r0, r3
 560:	c100      	tjne	564 <gpio_set_mux+0x1a8>
 562:	8133      	tj	7cc <gpio_set_mux+0x410>
 564:	a3c1      	tmovs	r3, #193	; 0xc1
 566:	f09b      	tshftls	r3, r3, #2
 568:	0298      	tcmp	r0, r3
 56a:	c100      	tjne	56e <gpio_set_mux+0x1b2>
 56c:	80c0      	tj	6f0 <gpio_set_mux+0x334>
 56e:	0b9e      	tloadr	r3, [pc, #632]	; (7e8 <gpio_set_mux+0x42c>)
 570:	0298      	tcmp	r0, r3
 572:	c1cd      	tjne	510 <gpio_set_mux+0x154>
 574:	a90c      	tcmp	r1, #12
 576:	c100      	tjne	57a <gpio_set_mux+0x1be>
 578:	818e      	tj	898 <gpio_set_mux+0x4dc>
 57a:	a903      	tcmp	r1, #3
 57c:	c100      	tjne	580 <gpio_set_mux+0x1c4>
 57e:	8176      	tj	86e <gpio_set_mux+0x4b2>
 580:	0d99      	tloadr	r5, [pc, #612]	; (7e8 <gpio_set_mux+0x42c>)
 582:	a3fc      	tmovs	r3, #252	; 0xfc
 584:	a100      	tmovs	r1, #0
 586:	87c6      	tj	516 <gpio_set_mux+0x15a>
 588:	0b98      	tloadr	r3, [pc, #608]	; (7ec <gpio_set_mux+0x430>)
 58a:	0298      	tcmp	r0, r3
 58c:	c037      	tjeq	5fe <gpio_set_mux+0x242>
 58e:	a381      	tmovs	r3, #129	; 0x81
 590:	f09b      	tshftls	r3, r3, #2
 592:	0298      	tcmp	r0, r3
 594:	c025      	tjeq	5e2 <gpio_set_mux+0x226>
 596:	0b96      	tloadr	r3, [pc, #600]	; (7f0 <gpio_set_mux+0x434>)
 598:	0298      	tcmp	r0, r3
 59a:	c1b9      	tjne	510 <gpio_set_mux+0x154>
 59c:	a904      	tcmp	r1, #4
 59e:	c100      	tjne	5a2 <gpio_set_mux+0x1e6>
 5a0:	81d5      	tj	94e <gpio_set_mux+0x592>
 5a2:	a91e      	tcmp	r1, #30
 5a4:	c100      	tjne	5a8 <gpio_set_mux+0x1ec>
 5a6:	8279      	tj	a9c <gpio_set_mux+0x6e0>
 5a8:	a903      	tcmp	r1, #3
 5aa:	c100      	tjne	5ae <gpio_set_mux+0x1f2>
 5ac:	81f5      	tj	99a <gpio_set_mux+0x5de>
 5ae:	0d90      	tloadr	r5, [pc, #576]	; (7f0 <gpio_set_mux+0x434>)
 5b0:	a3fc      	tmovs	r3, #252	; 0xfc
 5b2:	a100      	tmovs	r1, #0
 5b4:	87af      	tj	516 <gpio_set_mux+0x15a>
 5b6:	a914      	tcmp	r1, #20
 5b8:	c100      	tjne	5bc <gpio_set_mux+0x200>
 5ba:	8189      	tj	8d0 <gpio_set_mux+0x514>
 5bc:	a90c      	tcmp	r1, #12
 5be:	c100      	tjne	5c2 <gpio_set_mux+0x206>
 5c0:	8260      	tj	a84 <gpio_set_mux+0x6c8>
 5c2:	a91a      	tcmp	r1, #26
 5c4:	c100      	tjne	5c8 <gpio_set_mux+0x20c>
 5c6:	8218      	tj	9fa <gpio_set_mux+0x63e>
 5c8:	a5c8      	tmovs	r5, #200	; 0xc8
 5ca:	f0ad      	tshftls	r5, r5, #2
 5cc:	a3f3      	tmovs	r3, #243	; 0xf3
 5ce:	a100      	tmovs	r1, #0
 5d0:	87a1      	tj	516 <gpio_set_mux+0x15a>
 5d2:	ec25      	tadds	r5, r4, #0
 5d4:	ec20      	tadds	r0, r4, #0
 5d6:	a101      	tmovs	r1, #1
 5d8:	97ff 9e92 	tjl	300 <gpio_set_input_en>
 5dc:	a3ff      	tmovs	r3, #255	; 0xff
 5de:	a100      	tmovs	r1, #0
 5e0:	8799      	tj	516 <gpio_set_mux+0x15a>
 5e2:	a914      	tcmp	r1, #20
 5e4:	c100      	tjne	5e8 <gpio_set_mux+0x22c>
 5e6:	817b      	tj	8e0 <gpio_set_mux+0x524>
 5e8:	a903      	tcmp	r1, #3
 5ea:	c100      	tjne	5ee <gpio_set_mux+0x232>
 5ec:	825e      	tj	aac <gpio_set_mux+0x6f0>
 5ee:	a904      	tcmp	r1, #4
 5f0:	c100      	tjne	5f4 <gpio_set_mux+0x238>
 5f2:	8215      	tj	a20 <gpio_set_mux+0x664>
 5f4:	a581      	tmovs	r5, #129	; 0x81
 5f6:	f0ad      	tshftls	r5, r5, #2
 5f8:	a3cf      	tmovs	r3, #207	; 0xcf
 5fa:	a100      	tmovs	r1, #0
 5fc:	878b      	tj	516 <gpio_set_mux+0x15a>
 5fe:	a904      	tcmp	r1, #4
 600:	c100      	tjne	604 <gpio_set_mux+0x248>
 602:	8169      	tj	8d8 <gpio_set_mux+0x51c>
 604:	a91b      	tcmp	r1, #27
 606:	c100      	tjne	60a <gpio_set_mux+0x24e>
 608:	8240      	tj	a8c <gpio_set_mux+0x6d0>
 60a:	a914      	tcmp	r1, #20
 60c:	c100      	tjne	610 <gpio_set_mux+0x254>
 60e:	81d1      	tj	9b4 <gpio_set_mux+0x5f8>
 610:	0d76      	tloadr	r5, [pc, #472]	; (7ec <gpio_set_mux+0x430>)
 612:	a3f3      	tmovs	r3, #243	; 0xf3
 614:	a100      	tmovs	r1, #0
 616:	877e      	tj	516 <gpio_set_mux+0x15a>
 618:	a91b      	tcmp	r1, #27
 61a:	c100      	tjne	61e <gpio_set_mux+0x262>
 61c:	814c      	tj	8b8 <gpio_set_mux+0x4fc>
 61e:	a906      	tcmp	r1, #6
 620:	c100      	tjne	624 <gpio_set_mux+0x268>
 622:	8222      	tj	a6a <gpio_set_mux+0x6ae>
 624:	a903      	tcmp	r1, #3
 626:	c100      	tjne	62a <gpio_set_mux+0x26e>
 628:	81c8      	tj	9bc <gpio_set_mux+0x600>
 62a:	ec05      	tadds	r5, r0, #0
 62c:	a33f      	tmovs	r3, #63	; 0x3f
 62e:	a100      	tmovs	r1, #0
 630:	8771      	tj	516 <gpio_set_mux+0x15a>
 632:	a909      	tcmp	r1, #9
 634:	c100      	tjne	638 <gpio_set_mux+0x27c>
 636:	8160      	tj	8fa <gpio_set_mux+0x53e>
 638:	ef0b      	tsubs	r3, r1, #4
 63a:	f61b      	tshftls	r3, r3, #24
 63c:	fe1b      	tshftrs	r3, r3, #24
 63e:	ab01      	tcmp	r3, #1
 640:	c800      	tjhi	644 <gpio_set_mux+0x288>
 642:	825f      	tj	b04 <gpio_set_mux+0x748>
 644:	a903      	tcmp	r1, #3
 646:	c100      	tjne	64a <gpio_set_mux+0x28e>
 648:	819a      	tj	980 <gpio_set_mux+0x5c4>
 64a:	a5a0      	tmovs	r5, #160	; 0xa0
 64c:	f06d      	tshftls	r5, r5, #1
 64e:	a3cf      	tmovs	r3, #207	; 0xcf
 650:	a100      	tmovs	r1, #0
 652:	8760      	tj	516 <gpio_set_mux+0x15a>
 654:	a905      	tcmp	r1, #5
 656:	c100      	tjne	65a <gpio_set_mux+0x29e>
 658:	814b      	tj	8f2 <gpio_set_mux+0x536>
 65a:	a903      	tcmp	r1, #3
 65c:	c100      	tjne	660 <gpio_set_mux+0x2a4>
 65e:	8221      	tj	aa4 <gpio_set_mux+0x6e8>
 660:	a914      	tcmp	r1, #20
 662:	c100      	tjne	666 <gpio_set_mux+0x2aa>
 664:	81c0      	tj	9e8 <gpio_set_mux+0x62c>
 666:	a504      	tmovs	r5, #4
 668:	a3cf      	tmovs	r3, #207	; 0xcf
 66a:	a100      	tmovs	r1, #0
 66c:	8753      	tj	516 <gpio_set_mux+0x15a>
 66e:	a91a      	tcmp	r1, #26
 670:	c100      	tjne	674 <gpio_set_mux+0x2b8>
 672:	8125      	tj	8c0 <gpio_set_mux+0x504>
 674:	a903      	tcmp	r1, #3
 676:	c100      	tjne	67a <gpio_set_mux+0x2be>
 678:	80f0      	tj	85c <gpio_set_mux+0x4a0>
 67a:	ec05      	tadds	r5, r0, #0
 67c:	a33f      	tmovs	r3, #63	; 0x3f
 67e:	a100      	tmovs	r1, #0
 680:	8749      	tj	516 <gpio_set_mux+0x15a>
 682:	a919      	tcmp	r1, #25
 684:	c100      	tjne	688 <gpio_set_mux+0x2cc>
 686:	811f      	tj	8c8 <gpio_set_mux+0x50c>
 688:	a903      	tcmp	r1, #3
 68a:	c100      	tjne	68e <gpio_set_mux+0x2d2>
 68c:	80ea      	tj	864 <gpio_set_mux+0x4a8>
 68e:	a582      	tmovs	r5, #130	; 0x82
 690:	f06d      	tshftls	r5, r5, #1
 692:	a3cf      	tmovs	r3, #207	; 0xcf
 694:	a100      	tmovs	r1, #0
 696:	873e      	tj	516 <gpio_set_mux+0x15a>
 698:	a918      	tcmp	r1, #24
 69a:	c100      	tjne	69e <gpio_set_mux+0x2e2>
 69c:	814b      	tj	936 <gpio_set_mux+0x57a>
 69e:	a903      	tcmp	r1, #3
 6a0:	c100      	tjne	6a4 <gpio_set_mux+0x2e8>
 6a2:	8227      	tj	af4 <gpio_set_mux+0x738>
 6a4:	a90d      	tcmp	r1, #13
 6a6:	c100      	tjne	6aa <gpio_set_mux+0x2ee>
 6a8:	81b5      	tj	a16 <gpio_set_mux+0x65a>
 6aa:	a581      	tmovs	r5, #129	; 0x81
 6ac:	f06d      	tshftls	r5, r5, #1
 6ae:	a3f3      	tmovs	r3, #243	; 0xf3
 6b0:	a100      	tmovs	r1, #0
 6b2:	8730      	tj	516 <gpio_set_mux+0x15a>
 6b4:	ef0b      	tsubs	r3, r1, #4
 6b6:	f61b      	tshftls	r3, r3, #24
 6b8:	fe1b      	tshftrs	r3, r3, #24
 6ba:	ab01      	tcmp	r3, #1
 6bc:	c800      	tjhi	6c0 <gpio_set_mux+0x304>
 6be:	8157      	tj	970 <gpio_set_mux+0x5b4>
 6c0:	a903      	tcmp	r1, #3
 6c2:	c100      	tjne	6c6 <gpio_set_mux+0x30a>
 6c4:	8201      	tj	aca <gpio_set_mux+0x70e>
 6c6:	a915      	tcmp	r1, #21
 6c8:	c100      	tjne	6cc <gpio_set_mux+0x310>
 6ca:	815e      	tj	98a <gpio_set_mux+0x5ce>
 6cc:	a508      	tmovs	r5, #8
 6ce:	a33f      	tmovs	r3, #63	; 0x3f
 6d0:	a100      	tmovs	r1, #0
 6d2:	8720      	tj	516 <gpio_set_mux+0x15a>
 6d4:	a909      	tcmp	r1, #9
 6d6:	c100      	tjne	6da <gpio_set_mux+0x31e>
 6d8:	8117      	tj	90a <gpio_set_mux+0x54e>
 6da:	a919      	tcmp	r1, #25
 6dc:	c100      	tjne	6e0 <gpio_set_mux+0x324>
 6de:	81fd      	tj	adc <gpio_set_mux+0x720>
 6e0:	a90c      	tcmp	r1, #12
 6e2:	c100      	tjne	6e6 <gpio_set_mux+0x32a>
 6e4:	8177      	tj	9d6 <gpio_set_mux+0x61a>
 6e6:	a590      	tmovs	r5, #144	; 0x90
 6e8:	f06d      	tshftls	r5, r5, #1
 6ea:	a3f3      	tmovs	r3, #243	; 0xf3
 6ec:	a100      	tmovs	r1, #0
 6ee:	8712      	tj	516 <gpio_set_mux+0x15a>
 6f0:	a905      	tcmp	r1, #5
 6f2:	c100      	tjne	6f6 <gpio_set_mux+0x33a>
 6f4:	8105      	tj	902 <gpio_set_mux+0x546>
 6f6:	a906      	tcmp	r1, #6
 6f8:	c100      	tjne	6fc <gpio_set_mux+0x340>
 6fa:	81ea      	tj	ad2 <gpio_set_mux+0x716>
 6fc:	a917      	tcmp	r1, #23
 6fe:	c100      	tjne	702 <gpio_set_mux+0x346>
 700:	8160      	tj	9c4 <gpio_set_mux+0x608>
 702:	a5c1      	tmovs	r5, #193	; 0xc1
 704:	f0ad      	tshftls	r5, r5, #2
 706:	a3cf      	tmovs	r3, #207	; 0xcf
 708:	a100      	tmovs	r1, #0
 70a:	8704      	tj	516 <gpio_set_mux+0x15a>
 70c:	a915      	tcmp	r1, #21
 70e:	c100      	tjne	712 <gpio_set_mux+0x356>
 710:	80ca      	tj	8a8 <gpio_set_mux+0x4ec>
 712:	a903      	tcmp	r1, #3
 714:	c100      	tjne	718 <gpio_set_mux+0x35c>
 716:	81b1      	tj	a7c <gpio_set_mux+0x6c0>
 718:	a904      	tcmp	r1, #4
 71a:	c100      	tjne	71e <gpio_set_mux+0x362>
 71c:	8185      	tj	a2a <gpio_set_mux+0x66e>
 71e:	ec05      	tadds	r5, r0, #0
 720:	a33f      	tmovs	r3, #63	; 0x3f
 722:	a100      	tmovs	r1, #0
 724:	86f7      	tj	516 <gpio_set_mux+0x15a>
 726:	a902      	tcmp	r1, #2
 728:	c100      	tjne	72c <gpio_set_mux+0x370>
 72a:	80b9      	tj	8a0 <gpio_set_mux+0x4e4>
 72c:	a903      	tcmp	r1, #3
 72e:	c100      	tjne	732 <gpio_set_mux+0x376>
 730:	80a1      	tj	876 <gpio_set_mux+0x4ba>
 732:	a580      	tmovs	r5, #128	; 0x80
 734:	a33f      	tmovs	r3, #63	; 0x3f
 736:	a100      	tmovs	r1, #0
 738:	86ed      	tj	516 <gpio_set_mux+0x15a>
 73a:	a90d      	tcmp	r1, #13
 73c:	c100      	tjne	740 <gpio_set_mux+0x384>
 73e:	80f1      	tj	924 <gpio_set_mux+0x568>
 740:	a91f      	tcmp	r1, #31
 742:	c100      	tjne	746 <gpio_set_mux+0x38a>
 744:	8086      	tj	854 <gpio_set_mux+0x498>
 746:	ec05      	tadds	r5, r0, #0
 748:	a33f      	tmovs	r3, #63	; 0x3f
 74a:	a100      	tmovs	r1, #0
 74c:	86e3      	tj	516 <gpio_set_mux+0x15a>
 74e:	a90d      	tcmp	r1, #13
 750:	c100      	tjne	754 <gpio_set_mux+0x398>
 752:	80e3      	tj	91c <gpio_set_mux+0x560>
 754:	a91e      	tcmp	r1, #30
 756:	c078      	tjeq	84a <gpio_set_mux+0x48e>
 758:	a590      	tmovs	r5, #144	; 0x90
 75a:	f0ad      	tshftls	r5, r5, #2
 75c:	a3cf      	tmovs	r3, #207	; 0xcf
 75e:	a100      	tmovs	r1, #0
 760:	86d9      	tj	516 <gpio_set_mux+0x15a>
 762:	a91d      	tcmp	r1, #29
 764:	c100      	tjne	768 <gpio_set_mux+0x3ac>
 766:	80f6      	tj	956 <gpio_set_mux+0x59a>
 768:	a903      	tcmp	r1, #3
 76a:	c100      	tjne	76e <gpio_set_mux+0x3b2>
 76c:	81ba      	tj	ae4 <gpio_set_mux+0x728>
 76e:	a90d      	tcmp	r1, #13
 770:	c100      	tjne	774 <gpio_set_mux+0x3b8>
 772:	813d      	tj	9f0 <gpio_set_mux+0x634>
 774:	a588      	tmovs	r5, #136	; 0x88
 776:	f0ad      	tshftls	r5, r5, #2
 778:	a3f3      	tmovs	r3, #243	; 0xf3
 77a:	a100      	tmovs	r1, #0
 77c:	86cb      	tj	516 <gpio_set_mux+0x15a>
 77e:	a917      	tcmp	r1, #23
 780:	c100      	tjne	784 <gpio_set_mux+0x3c8>
 782:	80dc      	tj	93e <gpio_set_mux+0x582>
 784:	a903      	tcmp	r1, #3
 786:	c100      	tjne	78a <gpio_set_mux+0x3ce>
 788:	81b8      	tj	afc <gpio_set_mux+0x740>
 78a:	a90d      	tcmp	r1, #13
 78c:	c100      	tjne	790 <gpio_set_mux+0x3d4>
 78e:	8139      	tj	a04 <gpio_set_mux+0x648>
 790:	0d12      	tloadr	r5, [pc, #72]	; (7dc <gpio_set_mux+0x420>)
 792:	a3fc      	tmovs	r3, #252	; 0xfc
 794:	a100      	tmovs	r1, #0
 796:	86be      	tj	516 <gpio_set_mux+0x15a>
 798:	a908      	tcmp	r1, #8
 79a:	c100      	tjne	79e <gpio_set_mux+0x3e2>
 79c:	80df      	tj	95e <gpio_set_mux+0x5a2>
 79e:	a903      	tcmp	r1, #3
 7a0:	c100      	tjne	7a4 <gpio_set_mux+0x3e8>
 7a2:	81a3      	tj	aec <gpio_set_mux+0x730>
 7a4:	a906      	tcmp	r1, #6
 7a6:	c100      	tjne	7aa <gpio_set_mux+0x3ee>
 7a8:	8111      	tj	9ce <gpio_set_mux+0x612>
 7aa:	a502      	tmovs	r5, #2
 7ac:	a3f3      	tmovs	r3, #243	; 0xf3
 7ae:	a100      	tmovs	r1, #0
 7b0:	86b1      	tj	516 <gpio_set_mux+0x15a>
 7b2:	a909      	tcmp	r1, #9
 7b4:	c100      	tjne	7b8 <gpio_set_mux+0x3fc>
 7b6:	80c6      	tj	946 <gpio_set_mux+0x58a>
 7b8:	a905      	tcmp	r1, #5
 7ba:	c100      	tjne	7be <gpio_set_mux+0x402>
 7bc:	816a      	tj	a94 <gpio_set_mux+0x6d8>
 7be:	a903      	tcmp	r1, #3
 7c0:	c100      	tjne	7c4 <gpio_set_mux+0x408>
 7c2:	810d      	tj	9e0 <gpio_set_mux+0x624>
 7c4:	ec05      	tadds	r5, r0, #0
 7c6:	a33f      	tmovs	r3, #63	; 0x3f
 7c8:	a100      	tmovs	r1, #0
 7ca:	86a4      	tj	516 <gpio_set_mux+0x15a>
 7cc:	a90c      	tcmp	r1, #12
 7ce:	c05a      	tjeq	886 <gpio_set_mux+0x4ca>
 7d0:	a903      	tcmp	r1, #3
 7d2:	c054      	tjeq	87e <gpio_set_mux+0x4c2>
 7d4:	ec05      	tadds	r5, r0, #0
 7d6:	a3f3      	tmovs	r3, #243	; 0xf3
 7d8:	a100      	tmovs	r1, #0
 7da:	869c      	tj	516 <gpio_set_mux+0x15a>
 7dc:	00000101 	.word	0x00000101
 7e0:	008005a8 	.word	0x008005a8
 7e4:	00000302 	.word	0x00000302
 7e8:	00000301 	.word	0x00000301
 7ec:	00000202 	.word	0x00000202
 7f0:	00000201 	.word	0x00000201
 7f4:	a3d0      	tmovs	r3, #208	; 0xd0
 7f6:	f09b      	tshftls	r3, r3, #2
 7f8:	0298      	tcmp	r0, r3
 7fa:	c014      	tjeq	826 <gpio_set_mux+0x46a>
 7fc:	a3e0      	tmovs	r3, #224	; 0xe0
 7fe:	f09b      	tshftls	r3, r3, #2
 800:	0298      	tcmp	r0, r3
 802:	c000      	tjeq	806 <gpio_set_mux+0x44a>
 804:	8684      	tj	510 <gpio_set_mux+0x154>
 806:	ef0b      	tsubs	r3, r1, #4
 808:	f61b      	tshftls	r3, r3, #24
 80a:	fe1b      	tshftrs	r3, r3, #24
 80c:	ab01      	tcmp	r3, #1
 80e:	c800      	tjhi	812 <gpio_set_mux+0x456>
 810:	80a9      	tj	966 <gpio_set_mux+0x5aa>
 812:	a906      	tcmp	r1, #6
 814:	c100      	tjne	818 <gpio_set_mux+0x45c>
 816:	8153      	tj	ac0 <gpio_set_mux+0x704>
 818:	a903      	tcmp	r1, #3
 81a:	c011      	tjeq	840 <gpio_set_mux+0x484>
 81c:	a5e0      	tmovs	r5, #224	; 0xe0
 81e:	f0ad      	tshftls	r5, r5, #2
 820:	a33f      	tmovs	r3, #63	; 0x3f
 822:	a100      	tmovs	r1, #0
 824:	8677      	tj	516 <gpio_set_mux+0x15a>
 826:	a905      	tcmp	r1, #5
 828:	c073      	tjeq	912 <gpio_set_mux+0x556>
 82a:	a903      	tcmp	r1, #3
 82c:	c100      	tjne	830 <gpio_set_mux+0x474>
 82e:	810e      	tj	a4e <gpio_set_mux+0x692>
 830:	a90d      	tcmp	r1, #13
 832:	c100      	tjne	836 <gpio_set_mux+0x47a>
 834:	80b5      	tj	9a2 <gpio_set_mux+0x5e6>
 836:	a5d0      	tmovs	r5, #208	; 0xd0
 838:	f0ad      	tshftls	r5, r5, #2
 83a:	a3cf      	tmovs	r3, #207	; 0xcf
 83c:	a100      	tmovs	r1, #0
 83e:	866a      	tj	516 <gpio_set_mux+0x15a>
 840:	a5e0      	tmovs	r5, #224	; 0xe0
 842:	f0ad      	tshftls	r5, r5, #2
 844:	a33f      	tmovs	r3, #63	; 0x3f
 846:	a180      	tmovs	r1, #128	; 0x80
 848:	8665      	tj	516 <gpio_set_mux+0x15a>
 84a:	a590      	tmovs	r5, #144	; 0x90
 84c:	f0ad      	tshftls	r5, r5, #2
 84e:	a3cf      	tmovs	r3, #207	; 0xcf
 850:	a120      	tmovs	r1, #32
 852:	8660      	tj	516 <gpio_set_mux+0x15a>
 854:	ec05      	tadds	r5, r0, #0
 856:	a33f      	tmovs	r3, #63	; 0x3f
 858:	a180      	tmovs	r1, #128	; 0x80
 85a:	865c      	tj	516 <gpio_set_mux+0x15a>
 85c:	ec05      	tadds	r5, r0, #0
 85e:	a33f      	tmovs	r3, #63	; 0x3f
 860:	a140      	tmovs	r1, #64	; 0x40
 862:	8658      	tj	516 <gpio_set_mux+0x15a>
 864:	a582      	tmovs	r5, #130	; 0x82
 866:	f06d      	tshftls	r5, r5, #1
 868:	a3cf      	tmovs	r3, #207	; 0xcf
 86a:	a110      	tmovs	r1, #16
 86c:	8653      	tj	516 <gpio_set_mux+0x15a>
 86e:	0da8      	tloadr	r5, [pc, #672]	; (b10 <gpio_set_mux+0x754>)
 870:	a3fc      	tmovs	r3, #252	; 0xfc
 872:	a102      	tmovs	r1, #2
 874:	864f      	tj	516 <gpio_set_mux+0x15a>
 876:	a580      	tmovs	r5, #128	; 0x80
 878:	a33f      	tmovs	r3, #63	; 0x3f
 87a:	a140      	tmovs	r1, #64	; 0x40
 87c:	864b      	tj	516 <gpio_set_mux+0x15a>
 87e:	ec05      	tadds	r5, r0, #0
 880:	a3f3      	tmovs	r3, #243	; 0xf3
 882:	a108      	tmovs	r1, #8
 884:	8647      	tj	516 <gpio_set_mux+0x15a>
 886:	ec05      	tadds	r5, r0, #0
 888:	a3f3      	tmovs	r3, #243	; 0xf3
 88a:	a104      	tmovs	r1, #4
 88c:	8643      	tj	516 <gpio_set_mux+0x15a>
 88e:	a5c4      	tmovs	r5, #196	; 0xc4
 890:	f0ad      	tshftls	r5, r5, #2
 892:	a3fc      	tmovs	r3, #252	; 0xfc
 894:	a100      	tmovs	r1, #0
 896:	863e      	tj	516 <gpio_set_mux+0x15a>
 898:	0d9d      	tloadr	r5, [pc, #628]	; (b10 <gpio_set_mux+0x754>)
 89a:	a3fc      	tmovs	r3, #252	; 0xfc
 89c:	a101      	tmovs	r1, #1
 89e:	863a      	tj	516 <gpio_set_mux+0x15a>
 8a0:	a580      	tmovs	r5, #128	; 0x80
 8a2:	a33f      	tmovs	r3, #63	; 0x3f
 8a4:	a100      	tmovs	r1, #0
 8a6:	8636      	tj	516 <gpio_set_mux+0x15a>
 8a8:	ec05      	tadds	r5, r0, #0
 8aa:	a33f      	tmovs	r3, #63	; 0x3f
 8ac:	a100      	tmovs	r1, #0
 8ae:	8632      	tj	516 <gpio_set_mux+0x15a>
 8b0:	a501      	tmovs	r5, #1
 8b2:	a3fc      	tmovs	r3, #252	; 0xfc
 8b4:	a100      	tmovs	r1, #0
 8b6:	862e      	tj	516 <gpio_set_mux+0x15a>
 8b8:	ec05      	tadds	r5, r0, #0
 8ba:	a33f      	tmovs	r3, #63	; 0x3f
 8bc:	a100      	tmovs	r1, #0
 8be:	862a      	tj	516 <gpio_set_mux+0x15a>
 8c0:	ec05      	tadds	r5, r0, #0
 8c2:	a33f      	tmovs	r3, #63	; 0x3f
 8c4:	a100      	tmovs	r1, #0
 8c6:	8626      	tj	516 <gpio_set_mux+0x15a>
 8c8:	ec05      	tadds	r5, r0, #0
 8ca:	a3cf      	tmovs	r3, #207	; 0xcf
 8cc:	a100      	tmovs	r1, #0
 8ce:	8622      	tj	516 <gpio_set_mux+0x15a>
 8d0:	ec05      	tadds	r5, r0, #0
 8d2:	a3f3      	tmovs	r3, #243	; 0xf3
 8d4:	a100      	tmovs	r1, #0
 8d6:	861e      	tj	516 <gpio_set_mux+0x15a>
 8d8:	ec05      	tadds	r5, r0, #0
 8da:	a3f3      	tmovs	r3, #243	; 0xf3
 8dc:	a100      	tmovs	r1, #0
 8de:	861a      	tj	516 <gpio_set_mux+0x15a>
 8e0:	ec05      	tadds	r5, r0, #0
 8e2:	a3cf      	tmovs	r3, #207	; 0xcf
 8e4:	a100      	tmovs	r1, #0
 8e6:	8616      	tj	516 <gpio_set_mux+0x15a>
 8e8:	a588      	tmovs	r5, #136	; 0x88
 8ea:	f06d      	tshftls	r5, r5, #1
 8ec:	a3fc      	tmovs	r3, #252	; 0xfc
 8ee:	a100      	tmovs	r1, #0
 8f0:	8611      	tj	516 <gpio_set_mux+0x15a>
 8f2:	a504      	tmovs	r5, #4
 8f4:	a3cf      	tmovs	r3, #207	; 0xcf
 8f6:	a100      	tmovs	r1, #0
 8f8:	860d      	tj	516 <gpio_set_mux+0x15a>
 8fa:	ec05      	tadds	r5, r0, #0
 8fc:	a3cf      	tmovs	r3, #207	; 0xcf
 8fe:	a100      	tmovs	r1, #0
 900:	8609      	tj	516 <gpio_set_mux+0x15a>
 902:	ec05      	tadds	r5, r0, #0
 904:	a3cf      	tmovs	r3, #207	; 0xcf
 906:	a100      	tmovs	r1, #0
 908:	8605      	tj	516 <gpio_set_mux+0x15a>
 90a:	ec05      	tadds	r5, r0, #0
 90c:	a3f3      	tmovs	r3, #243	; 0xf3
 90e:	a100      	tmovs	r1, #0
 910:	8601      	tj	516 <gpio_set_mux+0x15a>
 912:	a5d0      	tmovs	r5, #208	; 0xd0
 914:	f0ad      	tshftls	r5, r5, #2
 916:	a3cf      	tmovs	r3, #207	; 0xcf
 918:	a100      	tmovs	r1, #0
 91a:	85fc      	tj	516 <gpio_set_mux+0x15a>
 91c:	ec05      	tadds	r5, r0, #0
 91e:	a3cf      	tmovs	r3, #207	; 0xcf
 920:	a110      	tmovs	r1, #16
 922:	85f8      	tj	516 <gpio_set_mux+0x15a>
 924:	ec05      	tadds	r5, r0, #0
 926:	a33f      	tmovs	r3, #63	; 0x3f
 928:	a140      	tmovs	r1, #64	; 0x40
 92a:	85f4      	tj	516 <gpio_set_mux+0x15a>
 92c:	a584      	tmovs	r5, #132	; 0x84
 92e:	f0ad      	tshftls	r5, r5, #2
 930:	a3fc      	tmovs	r3, #252	; 0xfc
 932:	a100      	tmovs	r1, #0
 934:	85ef      	tj	516 <gpio_set_mux+0x15a>
 936:	ec05      	tadds	r5, r0, #0
 938:	a3f3      	tmovs	r3, #243	; 0xf3
 93a:	a100      	tmovs	r1, #0
 93c:	85eb      	tj	516 <gpio_set_mux+0x15a>
 93e:	0d75      	tloadr	r5, [pc, #468]	; (b14 <gpio_set_mux+0x758>)
 940:	a3fc      	tmovs	r3, #252	; 0xfc
 942:	a100      	tmovs	r1, #0
 944:	85e7      	tj	516 <gpio_set_mux+0x15a>
 946:	ec05      	tadds	r5, r0, #0
 948:	a33f      	tmovs	r3, #63	; 0x3f
 94a:	a100      	tmovs	r1, #0
 94c:	85e3      	tj	516 <gpio_set_mux+0x15a>
 94e:	0d72      	tloadr	r5, [pc, #456]	; (b18 <gpio_set_mux+0x75c>)
 950:	a3fc      	tmovs	r3, #252	; 0xfc
 952:	a100      	tmovs	r1, #0
 954:	85df      	tj	516 <gpio_set_mux+0x15a>
 956:	ec05      	tadds	r5, r0, #0
 958:	a3f3      	tmovs	r3, #243	; 0xf3
 95a:	a100      	tmovs	r1, #0
 95c:	85db      	tj	516 <gpio_set_mux+0x15a>
 95e:	a502      	tmovs	r5, #2
 960:	a3f3      	tmovs	r3, #243	; 0xf3
 962:	a100      	tmovs	r1, #0
 964:	85d7      	tj	516 <gpio_set_mux+0x15a>
 966:	a5e0      	tmovs	r5, #224	; 0xe0
 968:	f0ad      	tshftls	r5, r5, #2
 96a:	a33f      	tmovs	r3, #63	; 0x3f
 96c:	a100      	tmovs	r1, #0
 96e:	85d2      	tj	516 <gpio_set_mux+0x15a>
 970:	a508      	tmovs	r5, #8
 972:	a33f      	tmovs	r3, #63	; 0x3f
 974:	a100      	tmovs	r1, #0
 976:	85ce      	tj	516 <gpio_set_mux+0x15a>
 978:	a510      	tmovs	r5, #16
 97a:	a3fc      	tmovs	r3, #252	; 0xfc
 97c:	a100      	tmovs	r1, #0
 97e:	85ca      	tj	516 <gpio_set_mux+0x15a>
 980:	a5a0      	tmovs	r5, #160	; 0xa0
 982:	f06d      	tshftls	r5, r5, #1
 984:	a3cf      	tmovs	r3, #207	; 0xcf
 986:	a120      	tmovs	r1, #32
 988:	85c5      	tj	516 <gpio_set_mux+0x15a>
 98a:	a508      	tmovs	r5, #8
 98c:	a33f      	tmovs	r3, #63	; 0x3f
 98e:	a180      	tmovs	r1, #128	; 0x80
 990:	85c1      	tj	516 <gpio_set_mux+0x15a>
 992:	a510      	tmovs	r5, #16
 994:	a3fc      	tmovs	r3, #252	; 0xfc
 996:	a102      	tmovs	r1, #2
 998:	85bd      	tj	516 <gpio_set_mux+0x15a>
 99a:	0d5f      	tloadr	r5, [pc, #380]	; (b18 <gpio_set_mux+0x75c>)
 99c:	a3fc      	tmovs	r3, #252	; 0xfc
 99e:	a102      	tmovs	r1, #2
 9a0:	85b9      	tj	516 <gpio_set_mux+0x15a>
 9a2:	a5d0      	tmovs	r5, #208	; 0xd0
 9a4:	f0ad      	tshftls	r5, r5, #2
 9a6:	a3cf      	tmovs	r3, #207	; 0xcf
 9a8:	a120      	tmovs	r1, #32
 9aa:	85b4      	tj	516 <gpio_set_mux+0x15a>
 9ac:	a501      	tmovs	r5, #1
 9ae:	a3fc      	tmovs	r3, #252	; 0xfc
 9b0:	a102      	tmovs	r1, #2
 9b2:	85b0      	tj	516 <gpio_set_mux+0x15a>
 9b4:	0d59      	tloadr	r5, [pc, #356]	; (b1c <gpio_set_mux+0x760>)
 9b6:	a3f3      	tmovs	r3, #243	; 0xf3
 9b8:	a108      	tmovs	r1, #8
 9ba:	85ac      	tj	516 <gpio_set_mux+0x15a>
 9bc:	ec05      	tadds	r5, r0, #0
 9be:	a33f      	tmovs	r3, #63	; 0x3f
 9c0:	a180      	tmovs	r1, #128	; 0x80
 9c2:	85a8      	tj	516 <gpio_set_mux+0x15a>
 9c4:	a5c1      	tmovs	r5, #193	; 0xc1
 9c6:	f0ad      	tshftls	r5, r5, #2
 9c8:	a3cf      	tmovs	r3, #207	; 0xcf
 9ca:	a120      	tmovs	r1, #32
 9cc:	85a3      	tj	516 <gpio_set_mux+0x15a>
 9ce:	a502      	tmovs	r5, #2
 9d0:	a3f3      	tmovs	r3, #243	; 0xf3
 9d2:	a108      	tmovs	r1, #8
 9d4:	859f      	tj	516 <gpio_set_mux+0x15a>
 9d6:	a590      	tmovs	r5, #144	; 0x90
 9d8:	f06d      	tshftls	r5, r5, #1
 9da:	a3f3      	tmovs	r3, #243	; 0xf3
 9dc:	a108      	tmovs	r1, #8
 9de:	859a      	tj	516 <gpio_set_mux+0x15a>
 9e0:	ec05      	tadds	r5, r0, #0
 9e2:	a33f      	tmovs	r3, #63	; 0x3f
 9e4:	a180      	tmovs	r1, #128	; 0x80
 9e6:	8596      	tj	516 <gpio_set_mux+0x15a>
 9e8:	a504      	tmovs	r5, #4
 9ea:	a3cf      	tmovs	r3, #207	; 0xcf
 9ec:	a120      	tmovs	r1, #32
 9ee:	8592      	tj	516 <gpio_set_mux+0x15a>
 9f0:	a588      	tmovs	r5, #136	; 0x88
 9f2:	f0ad      	tshftls	r5, r5, #2
 9f4:	a3f3      	tmovs	r3, #243	; 0xf3
 9f6:	a108      	tmovs	r1, #8
 9f8:	858d      	tj	516 <gpio_set_mux+0x15a>
 9fa:	a5c8      	tmovs	r5, #200	; 0xc8
 9fc:	f0ad      	tshftls	r5, r5, #2
 9fe:	a3f3      	tmovs	r3, #243	; 0xf3
 a00:	a108      	tmovs	r1, #8
 a02:	8588      	tj	516 <gpio_set_mux+0x15a>
 a04:	0d43      	tloadr	r5, [pc, #268]	; (b14 <gpio_set_mux+0x758>)
 a06:	a3fc      	tmovs	r3, #252	; 0xfc
 a08:	a102      	tmovs	r1, #2
 a0a:	8584      	tj	516 <gpio_set_mux+0x15a>
 a0c:	a5c4      	tmovs	r5, #196	; 0xc4
 a0e:	f0ad      	tshftls	r5, r5, #2
 a10:	a3fc      	tmovs	r3, #252	; 0xfc
 a12:	a102      	tmovs	r1, #2
 a14:	857f      	tj	516 <gpio_set_mux+0x15a>
 a16:	a581      	tmovs	r5, #129	; 0x81
 a18:	f06d      	tshftls	r5, r5, #1
 a1a:	a3f3      	tmovs	r3, #243	; 0xf3
 a1c:	a108      	tmovs	r1, #8
 a1e:	857a      	tj	516 <gpio_set_mux+0x15a>
 a20:	a581      	tmovs	r5, #129	; 0x81
 a22:	f0ad      	tshftls	r5, r5, #2
 a24:	a3cf      	tmovs	r3, #207	; 0xcf
 a26:	a120      	tmovs	r1, #32
 a28:	8575      	tj	516 <gpio_set_mux+0x15a>
 a2a:	ec05      	tadds	r5, r0, #0
 a2c:	a33f      	tmovs	r3, #63	; 0x3f
 a2e:	a180      	tmovs	r1, #128	; 0x80
 a30:	8571      	tj	516 <gpio_set_mux+0x15a>
 a32:	a588      	tmovs	r5, #136	; 0x88
 a34:	f06d      	tshftls	r5, r5, #1
 a36:	a3fc      	tmovs	r3, #252	; 0xfc
 a38:	a102      	tmovs	r1, #2
 a3a:	856c      	tj	516 <gpio_set_mux+0x15a>
 a3c:	a584      	tmovs	r5, #132	; 0x84
 a3e:	f0ad      	tshftls	r5, r5, #2
 a40:	a3fc      	tmovs	r3, #252	; 0xfc
 a42:	a102      	tmovs	r1, #2
 a44:	8567      	tj	516 <gpio_set_mux+0x15a>
 a46:	a510      	tmovs	r5, #16
 a48:	a3fc      	tmovs	r3, #252	; 0xfc
 a4a:	a101      	tmovs	r1, #1
 a4c:	8563      	tj	516 <gpio_set_mux+0x15a>
 a4e:	a5d0      	tmovs	r5, #208	; 0xd0
 a50:	f0ad      	tshftls	r5, r5, #2
 a52:	a3cf      	tmovs	r3, #207	; 0xcf
 a54:	a110      	tmovs	r1, #16
 a56:	855e      	tj	516 <gpio_set_mux+0x15a>
 a58:	a584      	tmovs	r5, #132	; 0x84
 a5a:	f0ad      	tshftls	r5, r5, #2
 a5c:	a3fc      	tmovs	r3, #252	; 0xfc
 a5e:	a101      	tmovs	r1, #1
 a60:	8559      	tj	516 <gpio_set_mux+0x15a>
 a62:	a501      	tmovs	r5, #1
 a64:	a3fc      	tmovs	r3, #252	; 0xfc
 a66:	a101      	tmovs	r1, #1
 a68:	8555      	tj	516 <gpio_set_mux+0x15a>
 a6a:	ec05      	tadds	r5, r0, #0
 a6c:	a33f      	tmovs	r3, #63	; 0x3f
 a6e:	a140      	tmovs	r1, #64	; 0x40
 a70:	8551      	tj	516 <gpio_set_mux+0x15a>
 a72:	a5c4      	tmovs	r5, #196	; 0xc4
 a74:	f0ad      	tshftls	r5, r5, #2
 a76:	a3fc      	tmovs	r3, #252	; 0xfc
 a78:	a101      	tmovs	r1, #1
 a7a:	854c      	tj	516 <gpio_set_mux+0x15a>
 a7c:	ec05      	tadds	r5, r0, #0
 a7e:	a33f      	tmovs	r3, #63	; 0x3f
 a80:	a140      	tmovs	r1, #64	; 0x40
 a82:	8548      	tj	516 <gpio_set_mux+0x15a>
 a84:	ec05      	tadds	r5, r0, #0
 a86:	a3f3      	tmovs	r3, #243	; 0xf3
 a88:	a104      	tmovs	r1, #4
 a8a:	8544      	tj	516 <gpio_set_mux+0x15a>
 a8c:	ec05      	tadds	r5, r0, #0
 a8e:	a3f3      	tmovs	r3, #243	; 0xf3
 a90:	a104      	tmovs	r1, #4
 a92:	8540      	tj	516 <gpio_set_mux+0x15a>
 a94:	ec05      	tadds	r5, r0, #0
 a96:	a33f      	tmovs	r3, #63	; 0x3f
 a98:	a140      	tmovs	r1, #64	; 0x40
 a9a:	853c      	tj	516 <gpio_set_mux+0x15a>
 a9c:	0d1e      	tloadr	r5, [pc, #120]	; (b18 <gpio_set_mux+0x75c>)
 a9e:	a3fc      	tmovs	r3, #252	; 0xfc
 aa0:	a101      	tmovs	r1, #1
 aa2:	8538      	tj	516 <gpio_set_mux+0x15a>
 aa4:	a504      	tmovs	r5, #4
 aa6:	a3cf      	tmovs	r3, #207	; 0xcf
 aa8:	a110      	tmovs	r1, #16
 aaa:	8534      	tj	516 <gpio_set_mux+0x15a>
 aac:	a581      	tmovs	r5, #129	; 0x81
 aae:	f0ad      	tshftls	r5, r5, #2
 ab0:	a3cf      	tmovs	r3, #207	; 0xcf
 ab2:	a110      	tmovs	r1, #16
 ab4:	852f      	tj	516 <gpio_set_mux+0x15a>
 ab6:	a588      	tmovs	r5, #136	; 0x88
 ab8:	f06d      	tshftls	r5, r5, #1
 aba:	a3fc      	tmovs	r3, #252	; 0xfc
 abc:	a101      	tmovs	r1, #1
 abe:	852a      	tj	516 <gpio_set_mux+0x15a>
 ac0:	a5e0      	tmovs	r5, #224	; 0xe0
 ac2:	f0ad      	tshftls	r5, r5, #2
 ac4:	a33f      	tmovs	r3, #63	; 0x3f
 ac6:	a140      	tmovs	r1, #64	; 0x40
 ac8:	8525      	tj	516 <gpio_set_mux+0x15a>
 aca:	a508      	tmovs	r5, #8
 acc:	a33f      	tmovs	r3, #63	; 0x3f
 ace:	a140      	tmovs	r1, #64	; 0x40
 ad0:	8521      	tj	516 <gpio_set_mux+0x15a>
 ad2:	a5c1      	tmovs	r5, #193	; 0xc1
 ad4:	f0ad      	tshftls	r5, r5, #2
 ad6:	a3cf      	tmovs	r3, #207	; 0xcf
 ad8:	a110      	tmovs	r1, #16
 ada:	851c      	tj	516 <gpio_set_mux+0x15a>
 adc:	ec05      	tadds	r5, r0, #0
 ade:	a3f3      	tmovs	r3, #243	; 0xf3
 ae0:	a104      	tmovs	r1, #4
 ae2:	8518      	tj	516 <gpio_set_mux+0x15a>
 ae4:	ec05      	tadds	r5, r0, #0
 ae6:	a3f3      	tmovs	r3, #243	; 0xf3
 ae8:	a104      	tmovs	r1, #4
 aea:	8514      	tj	516 <gpio_set_mux+0x15a>
 aec:	a502      	tmovs	r5, #2
 aee:	a3f3      	tmovs	r3, #243	; 0xf3
 af0:	a104      	tmovs	r1, #4
 af2:	8510      	tj	516 <gpio_set_mux+0x15a>
 af4:	ec05      	tadds	r5, r0, #0
 af6:	a3f3      	tmovs	r3, #243	; 0xf3
 af8:	a104      	tmovs	r1, #4
 afa:	850c      	tj	516 <gpio_set_mux+0x15a>
 afc:	0d05      	tloadr	r5, [pc, #20]	; (b14 <gpio_set_mux+0x758>)
 afe:	a3fc      	tmovs	r3, #252	; 0xfc
 b00:	a101      	tmovs	r1, #1
 b02:	8508      	tj	516 <gpio_set_mux+0x15a>
 b04:	a5a0      	tmovs	r5, #160	; 0xa0
 b06:	f06d      	tshftls	r5, r5, #1
 b08:	a3cf      	tmovs	r3, #207	; 0xcf
 b0a:	a110      	tmovs	r1, #16
 b0c:	8503      	tj	516 <gpio_set_mux+0x15a>
 b0e:	46c0      	tstorerb	r0, [r0, #27]
 b10:	00000301 	.word	0x00000301
 b14:	00000101 	.word	0x00000101
 b18:	00000201 	.word	0x00000201
 b1c:	00000202 	.word	0x00000202

00000b20 <gpio_set_func>:
gpio_set_func():
 b20:	6510      	tpush	{r4, lr}
 b22:	f403      	tshftls	r3, r0, #16
 b24:	fc18      	tshftrs	r0, r3, #16
 b26:	f609      	tshftls	r1, r1, #24
 b28:	fe09      	tshftrs	r1, r1, #24
 b2a:	f602      	tshftls	r2, r0, #24
 b2c:	fe12      	tshftrs	r2, r2, #24
 b2e:	a900      	tcmp	r1, #0
 b30:	c009      	tjeq	b46 <gpio_set_func+0x26>
 b32:	fe1b      	tshftrs	r3, r3, #24
 b34:	f0db      	tshftls	r3, r3, #3
 b36:	0c08      	tloadr	r4, [pc, #32]	; (b58 <gpio_set_func+0x38>)
 b38:	e91b      	tadds	r3, r3, r4
 b3a:	481c      	tloadrb	r4, [r3, #0]
 b3c:	0394      	tbclrs	r4, r2
 b3e:	401c      	tstorerb	r4, [r3, #0]
 b40:	97ff 9c3c 	tjl	3bc <gpio_set_mux>
 b44:	6d10      	tpop	{r4, pc}
 b46:	fe1b      	tshftrs	r3, r3, #24
 b48:	f0db      	tshftls	r3, r3, #3
 b4a:	0903      	tloadr	r1, [pc, #12]	; (b58 <gpio_set_func+0x38>)
 b4c:	e85b      	tadds	r3, r3, r1
 b4e:	4819      	tloadrb	r1, [r3, #0]
 b50:	030a      	tors	r2, r1
 b52:	401a      	tstorerb	r2, [r3, #0]
 b54:	87f6      	tj	b44 <gpio_set_func+0x24>
 b56:	46c0      	tstorerb	r0, [r0, #27]
 b58:	00800586 	.word	0x00800586

Disassembly of section .vectors:

00000000 <__start>:
   0:	8026      	tj	50 <__reset>
   2:	01          	.byte	0x01
   3:	30          	.byte	0x30
   4:	00009999 	.word	0x00009999
   8:	544c4e4b 	.word	0x544c4e4b
   c:	0088002a 	.word	0x0088002a
  10:	8086      	tj	120 <__irq>
  12:	1141      	.short	0x1141
  14:	0000020a 	.word	0x0000020a
  18:	00000b60 	.word	0x00000b60
  1c:	00000000 	.word	0x00000000

00000020 <start_suspend>:
start_suspend():
  20:	640c      	tpush	{r2, r3}
  22:	a281      	tmovs	r2, #129	; 0x81
  24:	0b09      	tloadr	r3, [pc, #36]	; (4c <__suspend_data>)
  26:	401a      	tstorerb	r2, [r3, #0]
  28:	06c0      	tnop			; (tmov r8, r8)
  2a:	06c0      	tnop			; (tmov r8, r8)
  2c:	06c0      	tnop			; (tmov r8, r8)
  2e:	06c0      	tnop			; (tmov r8, r8)
  30:	06c0      	tnop			; (tmov r8, r8)
  32:	06c0      	tnop			; (tmov r8, r8)
  34:	06c0      	tnop			; (tmov r8, r8)
  36:	06c0      	tnop			; (tmov r8, r8)
  38:	06c0      	tnop			; (tmov r8, r8)
  3a:	06c0      	tnop			; (tmov r8, r8)
  3c:	06c0      	tnop			; (tmov r8, r8)
  3e:	06c0      	tnop			; (tmov r8, r8)
  40:	06c0      	tnop			; (tmov r8, r8)
  42:	06c0      	tnop			; (tmov r8, r8)
  44:	06c0      	tnop			; (tmov r8, r8)
  46:	06c0      	tnop			; (tmov r8, r8)
  48:	6c0c      	tpop	{r2, r3}
  4a:	0770      	tjex	lr

0000004c <__suspend_data>:
  4c:	0080006f 	.word	0x0080006f

00000050 <__reset>:
  50:	a204      	tmovs	r2, #4
  52:	4811      	tloadrb	r1, [r2, #0]
  54:	a0a5      	tmovs	r0, #165	; 0xa5
  56:	0288      	tcmp	r0, r1
  58:	c103      	tjne	62 <FLASH_WAKEUP_BEGIN>
  5a:	a205      	tmovs	r2, #5
  5c:	4811      	tloadrb	r1, [r2, #0]
  5e:	082e      	tloadr	r0, [pc, #184]	; (118 <BOOT_SEL_D>)
  60:	4001      	tstorerb	r1, [r0, #0]

00000062 <FLASH_WAKEUP_BEGIN>:
  62:	082c      	tloadr	r0, [pc, #176]	; (114 <FLASH_RECOVER>)
  64:	a100      	tmovs	r1, #0
  66:	4041      	tstorerb	r1, [r0, #1]
  68:	a1ab      	tmovs	r1, #171	; 0xab
  6a:	4001      	tstorerb	r1, [r0, #0]
  6c:	a200      	tmovs	r2, #0
  6e:	a306      	tmovs	r3, #6

00000070 <TNOP>:
  70:	b201      	tadds	r2, #1
  72:	029a      	tcmp	r2, r3
  74:	cdfc      	tjle	70 <TNOP>
  76:	a101      	tmovs	r1, #1
  78:	4041      	tstorerb	r1, [r0, #1]

0000007a <FLASH_WAKEUP_END>:
  7a:	0823      	tloadr	r0, [pc, #140]	; (108 <FLL_D>)
  7c:	0923      	tloadr	r1, [pc, #140]	; (10c <FLL_D+0x4>)
  7e:	0a24      	tloadr	r2, [pc, #144]	; (110 <FLL_D+0x8>)

00000080 <FLL_STK>:
  80:	0291      	tcmp	r1, r2
  82:	ca02      	tjge	8a <FLL_STK_END>
  84:	5008      	tstorer	r0, [r1, #0]
  86:	b104      	tadds	r1, #4
  88:	87fa      	tj	80 <FLL_STK>

0000008a <FLL_STK_END>:
  8a:	a012      	tmovs	r0, #18
  8c:	6bc0      	tmcsr	r0
  8e:	0813      	tloadr	r0, [pc, #76]	; (dc <DAT0>)
  90:	0685      	tmov	sp, r0
  92:	a013      	tmovs	r0, #19
  94:	6bc0      	tmcsr	r0
  96:	0812      	tloadr	r0, [pc, #72]	; (e0 <DAT0+0x4>)
  98:	0685      	tmov	sp, r0
  9a:	a000      	tmovs	r0, #0
  9c:	0911      	tloadr	r1, [pc, #68]	; (e4 <DAT0+0x8>)
  9e:	0a12      	tloadr	r2, [pc, #72]	; (e8 <DAT0+0xc>)

000000a0 <ZERO>:
  a0:	0291      	tcmp	r1, r2
  a2:	ca02      	tjge	aa <ZERO_END>
  a4:	5008      	tstorer	r0, [r1, #0]
  a6:	b104      	tadds	r1, #4
  a8:	87fa      	tj	a0 <ZERO>

000000aa <ZERO_END>:
  aa:	0911      	tloadr	r1, [pc, #68]	; (f0 <DAT0+0x14>)
  ac:	0a11      	tloadr	r2, [pc, #68]	; (f4 <DAT0+0x18>)

000000ae <ZERO_TAG>:
  ae:	0291      	tcmp	r1, r2
  b0:	ca02      	tjge	b8 <SETIC>
  b2:	5008      	tstorer	r0, [r1, #0]
  b4:	b104      	tadds	r1, #4
  b6:	87fa      	tj	ae <ZERO_TAG>

000000b8 <SETIC>:
  b8:	090c      	tloadr	r1, [pc, #48]	; (ec <DAT0+0x10>)
  ba:	080f      	tloadr	r0, [pc, #60]	; (f8 <DAT0+0x1c>)
  bc:	4008      	tstorerb	r0, [r1, #0]
  be:	b001      	tadds	r0, #1
  c0:	4048      	tstorerb	r0, [r1, #1]
  c2:	090e      	tloadr	r1, [pc, #56]	; (fc <DATA_I>)
  c4:	0a0e      	tloadr	r2, [pc, #56]	; (100 <DATA_I+0x4>)
  c6:	0b0f      	tloadr	r3, [pc, #60]	; (104 <DATA_I+0x8>)

000000c8 <COPY_DATA>:
  c8:	029a      	tcmp	r2, r3
  ca:	ca04      	tjge	d6 <COPY_DATA_END>
  cc:	5808      	tloadr	r0, [r1, #0]
  ce:	5010      	tstorer	r0, [r2, #0]
  d0:	b104      	tadds	r1, #4
  d2:	b204      	tadds	r2, #4
  d4:	87f8      	tj	c8 <COPY_DATA>

000000d6 <COPY_DATA_END>:
  d6:	9000 987d 	tjl	1d4 <main>
  da:	46c0      	tstorerb	r0, [r0, #27]

000000dc <DAT0>:
  dc:	00840d80 	.word	0x00840d80
  e0:	00850000 	.word	0x00850000
  e4:	00840c00 	.word	0x00840c00
  e8:	00840d80 	.word	0x00840d80
  ec:	0080060c 	.word	0x0080060c
  f0:	00840300 	.word	0x00840300
  f4:	00840400 	.word	0x00840400
  f8:	00000003 	.word	0x00000003

000000fc <DATA_I>:
  fc:	00000b5c 	.word	0x00000b5c
 100:	00840c00 	.word	0x00840c00
 104:	00840c00 	.word	0x00840c00

00000108 <FLL_D>:
 108:	ffffffff 	.word	0xffffffff
 10c:	00840c00 	.word	0x00840c00
 110:	00840c20 	.word	0x00840c20

00000114 <FLASH_RECOVER>:
 114:	0080000c 	.word	0x0080000c

00000118 <BOOT_SEL_D>:
 118:	0080063e 	.word	0x0080063e
 11c:	46c0      	tstorerb	r0, [r0, #27]
 11e:	46c0      	tstorerb	r0, [r0, #27]

00000120 <__irq>:
 120:	6500      	tpush	{lr}
 122:	64ff      	tpush	{r0, r1, r2, r3, r4, r5, r6, r7}
 124:	6bd8      	tmrss	r0
 126:	0641      	tmov	r1, r8
 128:	064a      	tmov	r2, r9
 12a:	0653      	tmov	r3, sl
 12c:	065c      	tmov	r4, fp
 12e:	0665      	tmov	r5, ip
 130:	643f      	tpush	{r0, r1, r2, r3, r4, r5}
 132:	9000 984d 	tjl	1d0 <irq_handler>
 136:	6c3f      	tpop	{r0, r1, r2, r3, r4, r5}
 138:	0688      	tmov	r8, r1
 13a:	0691      	tmov	r9, r2
 13c:	069a      	tmov	sl, r3
 13e:	06a3      	tmov	fp, r4
 140:	06ac      	tmov	ip, r5
 142:	6bd0      	tmssr	r0
 144:	6cff      	tpop	{r0, r1, r2, r3, r4, r5, r6, r7}
 146:	6900      	treti	{pc}

00000148 <ASMEND>:
 148:	46c0      	tstorerb	r0, [r0, #27]
 14a:	46c0      	tstorerb	r0, [r0, #27]
 14c:	46c0      	tstorerb	r0, [r0, #27]
 14e:	46c0      	tstorerb	r0, [r0, #27]

Disassembly of section .ram_code:

00000150 <analog_read>:
analog_read():
 150:	6510      	tpush	{r4, lr}
 152:	f600      	tshftls	r0, r0, #24
 154:	fe00      	tshftrs	r0, r0, #24
 156:	0b0a      	tloadr	r3, [pc, #40]	; (180 <IRQ_STK_SIZE>)
 158:	481c      	tloadrb	r4, [r3, #0]
 15a:	a200      	tmovs	r2, #0
 15c:	401a      	tstorerb	r2, [r3, #0]
 15e:	0b09      	tloadr	r3, [pc, #36]	; (184 <IRQ_STK_SIZE+0x4>)
 160:	4018      	tstorerb	r0, [r3, #0]
 162:	0909      	tloadr	r1, [pc, #36]	; (188 <IRQ_STK_SIZE+0x8>)
 164:	a340      	tmovs	r3, #64	; 0x40
 166:	400b      	tstorerb	r3, [r1, #0]
 168:	a201      	tmovs	r2, #1
 16a:	480b      	tloadrb	r3, [r1, #0]
 16c:	0013      	tands	r3, r2
 16e:	c1fc      	tjne	16a <analog_read+0x1a>
 170:	0a06      	tloadr	r2, [pc, #24]	; (18c <IRQ_STK_SIZE+0xc>)
 172:	4810      	tloadrb	r0, [r2, #0]
 174:	b201      	tadds	r2, #1
 176:	4013      	tstorerb	r3, [r2, #0]
 178:	0b01      	tloadr	r3, [pc, #4]	; (180 <IRQ_STK_SIZE>)
 17a:	401c      	tstorerb	r4, [r3, #0]
 17c:	6d10      	tpop	{r4, pc}
 17e:	46c0      	tstorerb	r0, [r0, #27]
 180:	00800643 	.word	0x00800643
 184:	008000b8 	.word	0x008000b8
 188:	008000ba 	.word	0x008000ba
 18c:	008000b9 	.word	0x008000b9

00000190 <analog_write>:
analog_write():
 190:	6510      	tpush	{r4, lr}
 192:	f600      	tshftls	r0, r0, #24
 194:	fe00      	tshftrs	r0, r0, #24
 196:	f609      	tshftls	r1, r1, #24
 198:	fe09      	tshftrs	r1, r1, #24
 19a:	0b0a      	tloadr	r3, [pc, #40]	; (1c4 <analog_write+0x34>)
 19c:	481c      	tloadrb	r4, [r3, #0]
 19e:	a200      	tmovs	r2, #0
 1a0:	401a      	tstorerb	r2, [r3, #0]
 1a2:	0b09      	tloadr	r3, [pc, #36]	; (1c8 <analog_write+0x38>)
 1a4:	4018      	tstorerb	r0, [r3, #0]
 1a6:	b301      	tadds	r3, #1
 1a8:	4019      	tstorerb	r1, [r3, #0]
 1aa:	0908      	tloadr	r1, [pc, #32]	; (1cc <analog_write+0x3c>)
 1ac:	a360      	tmovs	r3, #96	; 0x60
 1ae:	400b      	tstorerb	r3, [r1, #0]
 1b0:	a201      	tmovs	r2, #1
 1b2:	480b      	tloadrb	r3, [r1, #0]
 1b4:	0013      	tands	r3, r2
 1b6:	c1fc      	tjne	1b2 <analog_write+0x22>
 1b8:	0a04      	tloadr	r2, [pc, #16]	; (1cc <analog_write+0x3c>)
 1ba:	4013      	tstorerb	r3, [r2, #0]
 1bc:	0b01      	tloadr	r3, [pc, #4]	; (1c4 <analog_write+0x34>)
 1be:	401c      	tstorerb	r4, [r3, #0]
 1c0:	6d10      	tpop	{r4, pc}
 1c2:	46c0      	tstorerb	r0, [r0, #27]
 1c4:	00800643 	.word	0x00800643
 1c8:	008000b8 	.word	0x008000b8
 1cc:	008000ba 	.word	0x008000ba

000001d0 <irq_handler>:
irq_handler():
 1d0:	0770      	tjex	lr
 1d2:	46c0      	tstorerb	r0, [r0, #27]

000001d4 <main>:
main():
 1d4:	65f0      	tpush	{r4, r5, r6, r7, lr}
 1d6:	0647      	tmov	r7, r8
 1d8:	6480      	tpush	{r7}
 1da:	6081      	tsub	sp, #4
 1dc:	a001      	tmovs	r0, #1
 1de:	a100      	tmovs	r1, #0
 1e0:	9000 9c9e 	tjl	b20 <gpio_set_func>
 1e4:	0b28      	tloadr	r3, [pc, #160]	; (288 <main+0xb4>)
 1e6:	481a      	tloadrb	r2, [r3, #0]
 1e8:	a101      	tmovs	r1, #1
 1ea:	038a      	tbclrs	r2, r1
 1ec:	401a      	tstorerb	r2, [r3, #0]
 1ee:	a001      	tmovs	r0, #1
 1f0:	a100      	tmovs	r1, #0
 1f2:	9000 9885 	tjl	300 <_start_text_>
 1f6:	0c25      	tloadr	r4, [pc, #148]	; (28c <main+0xb8>)
 1f8:	4822      	tloadrb	r2, [r4, #0]
 1fa:	a301      	tmovs	r3, #1
 1fc:	0313      	tors	r3, r2
 1fe:	f61b      	tshftls	r3, r3, #24
 200:	fe1b      	tshftrs	r3, r3, #24
 202:	4023      	tstorerb	r3, [r4, #0]
 204:	a0c4      	tmovs	r0, #196	; 0xc4
 206:	f080      	tshftls	r0, r0, #2
 208:	a100      	tmovs	r1, #0
 20a:	9000 9c89 	tjl	b20 <gpio_set_func>
 20e:	0b20      	tloadr	r3, [pc, #128]	; (290 <main+0xbc>)
 210:	481a      	tloadrb	r2, [r3, #0]
 212:	a510      	tmovs	r5, #16
 214:	03aa      	tbclrs	r2, r5
 216:	401a      	tstorerb	r2, [r3, #0]
 218:	a0c4      	tmovs	r0, #196	; 0xc4
 21a:	f080      	tshftls	r0, r0, #2
 21c:	a100      	tmovs	r1, #0
 21e:	9000 986f 	tjl	300 <_start_text_>
 222:	091c      	tloadr	r1, [pc, #112]	; (294 <main+0xc0>)
 224:	480b      	tloadrb	r3, [r1, #0]
 226:	03ab      	tbclrs	r3, r5
 228:	400b      	tstorerb	r3, [r1, #0]
 22a:	a201      	tmovs	r2, #1
 22c:	0694      	tmov	ip, r2
 22e:	a710      	tmovs	r7, #16
 230:	a000      	tmovs	r0, #0
 232:	0b19      	tloadr	r3, [pc, #100]	; (298 <main+0xc4>)
 234:	a601      	tmovs	r6, #1
 236:	06a8      	tmov	r8, r5
 238:	4822      	tloadrb	r2, [r4, #0]
 23a:	0665      	tmov	r5, ip
 23c:	03aa      	tbclrs	r2, r5
 23e:	4022      	tstorerb	r2, [r4, #0]
 240:	480a      	tloadrb	r2, [r1, #0]
 242:	03ba      	tbclrs	r2, r7
 244:	400a      	tstorerb	r2, [r1, #0]
 246:	3000      	tstorer	r0, [sp, #0]
 248:	3a00      	tloadr	r2, [sp, #0]
 24a:	029a      	tcmp	r2, r3
 24c:	cc05      	tjgt	25a <main+0x86>
 24e:	3a00      	tloadr	r2, [sp, #0]
 250:	b201      	tadds	r2, #1
 252:	3200      	tstorer	r2, [sp, #0]
 254:	3a00      	tloadr	r2, [sp, #0]
 256:	029a      	tcmp	r2, r3
 258:	cdf9      	tjle	24e <main+0x7a>
 25a:	4822      	tloadrb	r2, [r4, #0]
 25c:	0332      	tors	r2, r6
 25e:	f612      	tshftls	r2, r2, #24
 260:	fe12      	tshftrs	r2, r2, #24
 262:	4022      	tstorerb	r2, [r4, #0]
 264:	480a      	tloadrb	r2, [r1, #0]
 266:	0645      	tmov	r5, r8
 268:	032a      	tors	r2, r5
 26a:	f612      	tshftls	r2, r2, #24
 26c:	fe12      	tshftrs	r2, r2, #24
 26e:	400a      	tstorerb	r2, [r1, #0]
 270:	3000      	tstorer	r0, [sp, #0]
 272:	3a00      	tloadr	r2, [sp, #0]
 274:	029a      	tcmp	r2, r3
 276:	ccdf      	tjgt	238 <main+0x64>
 278:	3a00      	tloadr	r2, [sp, #0]
 27a:	b201      	tadds	r2, #1
 27c:	3200      	tstorer	r2, [sp, #0]
 27e:	3a00      	tloadr	r2, [sp, #0]
 280:	029a      	tcmp	r2, r3
 282:	cdf9      	tjle	278 <main+0xa4>
 284:	87d8      	tj	238 <main+0x64>
 286:	46c0      	tstorerb	r0, [r0, #27]
 288:	00800582 	.word	0x00800582
 28c:	00800583 	.word	0x00800583
 290:	0080059a 	.word	0x0080059a
 294:	0080059b 	.word	0x0080059b
 298:	001301ed 	.word	0x001301ed

Disassembly of section .bss:

00840c00 <_start_bss_>:
	...

Disassembly of section .comment:

00000000 <.comment>:
   0:	4347      	tstorerb	r7, [r0, #13]
   2:	3a43      	tloadr	r2, [sp, #268]	; 0x10c
   4:	2820      	tloadrh	r0, [r4, #0]
   6:	6554      	tpush	{r2, r4, r6, lr}
   8:	696c      	treti	{r2, r3, r5, r6, pc}
   a:	6b6e      	undefined instruction 0x6b6e
   c:	5420      	tstorer	r0, [r4, #64]	; 0x40
   e:	3343      	tstorer	r3, [sp, #268]	; 0x10c
  10:	2032      	tstorerh	r2, [r6, #0]
  12:	6576      	tpush	{r1, r2, r4, r5, r6, lr}
  14:	7372      	tadd	r3, pc, #456	; (tadd r3, 1e0 <main+0xc>)
  16:	6f69      	undefined instruction 0x6f69
  18:	206e      	tstorerh	r6, [r5, #2]
  1a:	2e32      	tloadrh	r2, [r6, #48]	; 0x30
  1c:	2030      	tstorerh	r0, [r6, #0]
  1e:	7562      	tadd	r5, pc, #392	; (tadd r5, 1a8 <analog_write+0x18>)
  20:	6c69      	tpop	{r0, r3, r5, r6}
  22:	2964      	tloadrh	r4, [r4, #10]
  24:	3420      	tstorer	r4, [sp, #128]	; 0x80
  26:	352e      	tstorer	r5, [sp, #184]	; 0xb8
  28:	312e      	tstorer	r1, [sp, #184]	; 0xb8
  2a:	742e      	tadd	r4, pc, #184	; (tadd r4, e4 <DAT0+0x8>)
  2c:	3363      	tstorer	r3, [sp, #396]	; 0x18c
  2e:	2d32      	tloadrh	r2, [r6, #40]	; 0x28
  30:	6c65      	tpop	{r0, r2, r5, r6}
  32:	2d66      	tloadrh	r6, [r4, #42]	; 0x2a
  34:	2e31      	tloadrh	r1, [r6, #48]	; 0x30
  36:	0035      	tands	r5, r6
  38:	4347      	tstorerb	r7, [r0, #13]
  3a:	3a43      	tloadr	r2, [sp, #268]	; 0x10c
  3c:	2820      	tloadrh	r0, [r4, #0]
  3e:	4e47      	tloadrb	r7, [r0, #25]
  40:	2955      	tloadrh	r5, [r2, #10]
  42:	3420      	tstorer	r4, [sp, #128]	; 0x80
  44:	352e      	tstorer	r5, [sp, #184]	; 0xb8
  46:	312e      	tstorer	r1, [sp, #184]	; 0xb8
  48:	742d      	tadd	r4, pc, #180	; (tadd r4, 100 <DATA_I+0x4>)
  4a:	3363      	tstorer	r3, [sp, #396]	; 0x18c
  4c:	2d32      	tloadrh	r2, [r6, #40]	; 0x28
  4e:	2e31      	tloadrh	r1, [r6, #48]	; 0x30
  50:	0033      	tands	r3, r6

Disassembly of section .TC32.attributes:

00000000 <.TC32.attributes>:
   0:	0f41      	tloadr	r7, [pc, #260]	; (108 <FLL_D>)
   2:	0000      	tands	r0, r0
   4:	6100      	undefined instruction 0x6100
   6:	6165      	undefined instruction 0x6165
   8:	6962      	treti	{r1, r5, r6, pc}
   a:	0100      	tasrs	r0, r0
   c:	0005      	tands	r5, r0
	...
